<?xml version="1.0" encoding="UTF-8"?>
<testsuite name="com.example.testingweb.HttpRequestTest" tests="1" skipped="0" failures="0" errors="0" timestamp="2023-12-29T18:41:48" hostname="AIT-BVERA" time="0.834">
  <properties/>
  <testcase name="greetingShouldReturnDefaultMessage()" classname="com.example.testingweb.HttpRequestTest" time="0.834"/>
  <system-out><![CDATA[15:41:45.692 [Test worker] DEBUG org.springframework.test.context.BootstrapUtils - Instantiating CacheAwareContextLoaderDelegate from class [org.springframework.test.context.cache.DefaultCacheAwareContextLoaderDelegate]
15:41:45.722 [Test worker] DEBUG org.springframework.test.context.BootstrapUtils - Instantiating BootstrapContext using constructor [public org.springframework.test.context.support.DefaultBootstrapContext(java.lang.Class,org.springframework.test.context.CacheAwareContextLoaderDelegate)]
15:41:45.787 [Test worker] DEBUG org.springframework.test.context.BootstrapUtils - Instantiating TestContextBootstrapper for test class [com.example.testingweb.HttpRequestTest] from class [org.springframework.boot.test.context.SpringBootTestContextBootstrapper]
15:41:45.808 [Test worker] INFO org.springframework.boot.test.context.SpringBootTestContextBootstrapper - Neither @ContextConfiguration nor @ContextHierarchy found for test class [com.example.testingweb.HttpRequestTest], using SpringBootContextLoader
15:41:45.817 [Test worker] DEBUG org.springframework.test.context.support.AbstractContextLoader - Did not detect default resource location for test class [com.example.testingweb.HttpRequestTest]: class path resource [com/example/testingweb/HttpRequestTest-context.xml] does not exist
15:41:45.817 [Test worker] DEBUG org.springframework.test.context.support.AbstractContextLoader - Did not detect default resource location for test class [com.example.testingweb.HttpRequestTest]: class path resource [com/example/testingweb/HttpRequestTestContext.groovy] does not exist
15:41:45.817 [Test worker] INFO org.springframework.test.context.support.AbstractContextLoader - Could not detect default resource locations for test class [com.example.testingweb.HttpRequestTest]: no resource found for suffixes {-context.xml, Context.groovy}.
15:41:45.817 [Test worker] INFO org.springframework.test.context.support.AnnotationConfigContextLoaderUtils - Could not detect default configuration classes for test class [com.example.testingweb.HttpRequestTest]: HttpRequestTest does not declare any static, non-private, non-final, nested classes annotated with @Configuration.
15:41:45.876 [Test worker] DEBUG org.springframework.test.context.support.ActiveProfilesUtils - Could not find an 'annotation declaring class' for annotation type [org.springframework.test.context.ActiveProfiles] and class [com.example.testingweb.HttpRequestTest]
15:41:46.017 [Test worker] DEBUG org.springframework.context.annotation.ClassPathScanningCandidateComponentProvider - Identified candidate component class: file [C:\IdeaProjects\usach\feature-ms-bruno-vera-mensaje\build\classes\java\main\com\example\testingweb\TestingWebApplication.class]
15:41:46.017 [Test worker] INFO org.springframework.boot.test.context.SpringBootTestContextBootstrapper - Found @SpringBootConfiguration com.example.testingweb.TestingWebApplication for test class com.example.testingweb.HttpRequestTest
15:41:46.207 [Test worker] DEBUG org.springframework.boot.test.context.SpringBootTestContextBootstrapper - @TestExecutionListeners is not present for class [com.example.testingweb.HttpRequestTest]: using defaults.
15:41:46.207 [Test worker] INFO org.springframework.boot.test.context.SpringBootTestContextBootstrapper - Loaded default TestExecutionListener class names from location [META-INF/spring.factories]: [org.springframework.boot.test.autoconfigure.restdocs.RestDocsTestExecutionListener, org.springframework.boot.test.autoconfigure.web.client.MockRestServiceServerResetTestExecutionListener, org.springframework.boot.test.autoconfigure.web.servlet.MockMvcPrintOnlyOnFailureTestExecutionListener, org.springframework.boot.test.autoconfigure.web.servlet.WebDriverTestExecutionListener, org.springframework.boot.test.autoconfigure.webservices.client.MockWebServiceServerTestExecutionListener, org.springframework.boot.test.mock.mockito.MockitoTestExecutionListener, org.springframework.boot.test.mock.mockito.ResetMocksTestExecutionListener, org.springframework.test.context.web.ServletTestExecutionListener, org.springframework.test.context.support.DirtiesContextBeforeModesTestExecutionListener, org.springframework.test.context.event.ApplicationEventsTestExecutionListener, org.springframework.test.context.support.DependencyInjectionTestExecutionListener, org.springframework.test.context.support.DirtiesContextTestExecutionListener, org.springframework.test.context.transaction.TransactionalTestExecutionListener, org.springframework.test.context.jdbc.SqlScriptsTestExecutionListener, org.springframework.test.context.event.EventPublishingTestExecutionListener]
15:41:46.236 [Test worker] DEBUG org.springframework.boot.test.context.SpringBootTestContextBootstrapper - Skipping candidate TestExecutionListener [org.springframework.test.context.transaction.TransactionalTestExecutionListener] due to a missing dependency. Specify custom listener classes or make the default listener classes and their required dependencies available. Offending class: [org/springframework/transaction/interceptor/TransactionAttributeSource]
15:41:46.238 [Test worker] DEBUG org.springframework.boot.test.context.SpringBootTestContextBootstrapper - Skipping candidate TestExecutionListener [org.springframework.test.context.jdbc.SqlScriptsTestExecutionListener] due to a missing dependency. Specify custom listener classes or make the default listener classes and their required dependencies available. Offending class: [org/springframework/transaction/interceptor/TransactionAttribute]
15:41:46.239 [Test worker] INFO org.springframework.boot.test.context.SpringBootTestContextBootstrapper - Using TestExecutionListeners: [org.springframework.test.context.web.ServletTestExecutionListener@270f89b6, org.springframework.test.context.support.DirtiesContextBeforeModesTestExecutionListener@602ff27c, org.springframework.test.context.event.ApplicationEventsTestExecutionListener@36423975, org.springframework.boot.test.mock.mockito.MockitoTestExecutionListener@1038ee5a, org.springframework.boot.test.autoconfigure.SpringBootDependencyInjectionTestExecutionListener@4b2197d2, org.springframework.test.context.support.DirtiesContextTestExecutionListener@548230d8, org.springframework.test.context.event.EventPublishingTestExecutionListener@73ac22ac, org.springframework.boot.test.autoconfigure.restdocs.RestDocsTestExecutionListener@243148bd, org.springframework.boot.test.autoconfigure.web.client.MockRestServiceServerResetTestExecutionListener@63e9d4ee, org.springframework.boot.test.autoconfigure.web.servlet.MockMvcPrintOnlyOnFailureTestExecutionListener@26a82cbb, org.springframework.boot.test.autoconfigure.web.servlet.WebDriverTestExecutionListener@3483d380, org.springframework.boot.test.autoconfigure.webservices.client.MockWebServiceServerTestExecutionListener@1a59110d, org.springframework.boot.test.mock.mockito.ResetMocksTestExecutionListener@373af80c]
15:41:46.246 [Test worker] DEBUG org.springframework.test.context.support.AbstractDirtiesContextTestExecutionListener - Before test class: context [DefaultTestContext@14d3592e testClass = HttpRequestTest, testInstance = [null], testMethod = [null], testException = [null], mergedContextConfiguration = [WebMergedContextConfiguration@5eb4d466 testClass = HttpRequestTest, locations = '{}', classes = '{class com.example.testingweb.TestingWebApplication}', contextInitializerClasses = '[]', activeProfiles = '{}', propertySourceLocations = '{}', propertySourceProperties = '{org.springframework.boot.test.context.SpringBootTestContextBootstrapper=true, server.port=0}', contextCustomizers = set[org.springframework.boot.test.autoconfigure.actuate.metrics.MetricsExportContextCustomizerFactory$DisableMetricExportContextCustomizer@69ca53f4, org.springframework.boot.test.autoconfigure.properties.PropertyMappingContextCustomizer@0, org.springframework.boot.test.autoconfigure.web.servlet.WebDriverContextCustomizerFactory$Customizer@41b26b8e, org.springframework.boot.test.context.filter.ExcludeFilterContextCustomizer@4b2f119e, org.springframework.boot.test.json.DuplicateJsonObjectContextCustomizerFactory$DuplicateJsonObjectContextCustomizer@54a0b053, org.springframework.boot.test.mock.mockito.MockitoContextCustomizer@0, org.springframework.boot.test.web.client.TestRestTemplateContextCustomizer@10436789, org.springframework.boot.test.context.SpringBootTestArgs@1, org.springframework.boot.test.context.SpringBootTestWebEnvironment@235cae35], resourceBasePath = 'src/main/webapp', contextLoader = 'org.springframework.boot.test.context.SpringBootContextLoader', parent = [null]], attributes = map['org.springframework.test.context.web.ServletTestExecutionListener.activateListener' -> false]], class annotated with @DirtiesContext [false] with mode [null].
15:41:46.257 [Test worker] DEBUG org.springframework.test.context.support.DependencyInjectionTestExecutionListener - Performing dependency injection for test context [[DefaultTestContext@14d3592e testClass = HttpRequestTest, testInstance = com.example.testingweb.HttpRequestTest@3095ebbb, testMethod = [null], testException = [null], mergedContextConfiguration = [WebMergedContextConfiguration@5eb4d466 testClass = HttpRequestTest, locations = '{}', classes = '{class com.example.testingweb.TestingWebApplication}', contextInitializerClasses = '[]', activeProfiles = '{}', propertySourceLocations = '{}', propertySourceProperties = '{org.springframework.boot.test.context.SpringBootTestContextBootstrapper=true, server.port=0}', contextCustomizers = set[org.springframework.boot.test.autoconfigure.actuate.metrics.MetricsExportContextCustomizerFactory$DisableMetricExportContextCustomizer@69ca53f4, org.springframework.boot.test.autoconfigure.properties.PropertyMappingContextCustomizer@0, org.springframework.boot.test.autoconfigure.web.servlet.WebDriverContextCustomizerFactory$Customizer@41b26b8e, org.springframework.boot.test.context.filter.ExcludeFilterContextCustomizer@4b2f119e, org.springframework.boot.test.json.DuplicateJsonObjectContextCustomizerFactory$DuplicateJsonObjectContextCustomizer@54a0b053, org.springframework.boot.test.mock.mockito.MockitoContextCustomizer@0, org.springframework.boot.test.web.client.TestRestTemplateContextCustomizer@10436789, org.springframework.boot.test.context.SpringBootTestArgs@1, org.springframework.boot.test.context.SpringBootTestWebEnvironment@235cae35], resourceBasePath = 'src/main/webapp', contextLoader = 'org.springframework.boot.test.context.SpringBootContextLoader', parent = [null]], attributes = map['org.springframework.test.context.web.ServletTestExecutionListener.activateListener' -> false, 'org.springframework.test.context.event.ApplicationEventsTestExecutionListener.recordApplicationEvents' -> false]]].

  .   ____          _            __ _ _
 /\\ / ___'_ __ _ _(_)_ __  __ _ \ \ \ \
( ( )\___ | '_ | '_| | '_ \/ _` | \ \ \ \
 \\/  ___)| |_)| | | | | || (_| |  ) ) ) )
  '  |____| .__|_| |_|_| |_\__, | / / / /
 =========|_|==============|___/=/_/_/_/
 :: Spring Boot ::                (v2.6.3)

2023-12-29 15:41:46.742  INFO 26504 --- [    Test worker] com.example.testingweb.HttpRequestTest   : Starting HttpRequestTest using Java 11.0.15 on AIT-BVERA with PID 26504 (started by AIT-BVERA in C:\IdeaProjects\usach\feature-ms-bruno-vera-mensaje)
2023-12-29 15:41:46.747  INFO 26504 --- [    Test worker] com.example.testingweb.HttpRequestTest   : No active profile set, falling back to default profiles: default
2023-12-29 15:41:48.075  INFO 26504 --- [    Test worker] o.s.b.w.embedded.tomcat.TomcatWebServer  : Tomcat initialized with port(s): 0 (http)
2023-12-29 15:41:48.091  INFO 26504 --- [    Test worker] o.apache.catalina.core.StandardService   : Starting service [Tomcat]
2023-12-29 15:41:48.091  INFO 26504 --- [    Test worker] org.apache.catalina.core.StandardEngine  : Starting Servlet engine: [Apache Tomcat/9.0.56]
2023-12-29 15:41:48.203  INFO 26504 --- [    Test worker] o.a.c.c.C.[Tomcat].[localhost].[/]       : Initializing Spring embedded WebApplicationContext
2023-12-29 15:41:48.203  INFO 26504 --- [    Test worker] w.s.c.ServletWebServerApplicationContext : Root WebApplicationContext: initialization completed in 1416 ms
2023-12-29 15:41:48.877  INFO 26504 --- [    Test worker] o.s.b.w.embedded.tomcat.TomcatWebServer  : Tomcat started on port(s): 55832 (http) with context path ''
2023-12-29 15:41:48.887  INFO 26504 --- [    Test worker] com.example.testingweb.HttpRequestTest   : Started HttpRequestTest in 2.583 seconds (JVM running for 5.245)
2023-12-29 15:41:49.539  INFO 26504 --- [o-auto-1-exec-1] o.a.c.c.C.[Tomcat].[localhost].[/]       : Initializing Spring DispatcherServlet 'dispatcherServlet'
2023-12-29 15:41:49.539  INFO 26504 --- [o-auto-1-exec-1] o.s.web.servlet.DispatcherServlet        : Initializing Servlet 'dispatcherServlet'
2023-12-29 15:41:49.539  INFO 26504 --- [o-auto-1-exec-1] o.s.web.servlet.DispatcherServlet        : Completed initialization in 0 ms
]]></system-out>
  <system-err><![CDATA[]]></system-err>
</testsuite>
